<?xml version="1.0" encoding="UTF-8"?>
<testsuite name="org.emilio.weatherpan.WeatherPanApplicationTests" tests="1" skipped="0" failures="0" errors="0" timestamp="2025-09-19T01:36:18.752Z" hostname="emilioTp" time="0.585">
  <properties/>
  <testcase name="contextLoads()" classname="org.emilio.weatherpan.WeatherPanApplicationTests" time="0.585"/>
  <system-out><![CDATA[22:36:16.888 [Test worker] INFO org.springframework.test.context.support.AnnotationConfigContextLoaderUtils -- Could not detect default configuration classes for test class [org.emilio.weatherpan.WeatherPanApplicationTests]: WeatherPanApplicationTests does not declare any static, non-private, non-final, nested classes annotated with @Configuration.
22:36:16.979 [Test worker] INFO org.springframework.boot.test.context.SpringBootTestContextBootstrapper -- Found @SpringBootConfiguration org.emilio.weatherpan.WeatherPanApplication for test class org.emilio.weatherpan.WeatherPanApplicationTests

  .   ____          _            __ _ _
 /\\ / ___'_ __ _ _(_)_ __  __ _ \ \ \ \
( ( )\___ | '_ | '_| | '_ \/ _` | \ \ \ \
 \\/  ___)| |_)| | | | | || (_| |  ) ) ) )
  '  |____| .__|_| |_|_| |_\__, | / / / /
 =========|_|==============|___/=/_/_/_/

 :: Spring Boot ::                (v3.5.5)

2025-09-18T22:36:17.347-03:00  INFO 852412 --- [WeatherPan] [    Test worker] o.e.w.WeatherPanApplicationTests         : Starting WeatherPanApplicationTests using Java 21.0.3 with PID 852412 (started by emilio in /home/emilio/develop/UdeSa/repo/udesa-pp.github.io/java/WeatherPan)
2025-09-18T22:36:17.348-03:00  INFO 852412 --- [WeatherPan] [    Test worker] o.e.w.WeatherPanApplicationTests         : No active profile set, falling back to 1 default profile: "default"
2025-09-18T22:36:18.418-03:00  INFO 852412 --- [WeatherPan] [    Test worker] o.s.v.b.OptionalValidatorFactoryBean     : Failed to set up a Bean Validation provider: jakarta.validation.NoProviderFoundException: Unable to create a Configuration, because no Jakarta Bean Validation provider could be found. Add a provider like Hibernate Validator (RI) to your classpath.
2025-09-18T22:36:18.736-03:00  INFO 852412 --- [WeatherPan] [    Test worker] o.e.w.WeatherPanApplicationTests         : Started WeatherPanApplicationTests in 1.653 seconds (process running for 2.613)
]]></system-out>
  <system-err><![CDATA[Mockito is currently self-attaching to enable the inline-mock-maker. This will no longer work in future releases of the JDK. Please add Mockito as an agent to your build as described in Mockito's documentation: https://javadoc.io/doc/org.mockito/mockito-core/latest/org.mockito/org/mockito/Mockito.html#0.3
WARNING: A Java agent has been loaded dynamically (/home/emilio/.gradle/caches/modules-2/files-2.1/net.bytebuddy/byte-buddy-agent/1.17.7/fbf3d6d649ed37fc9e9c59480a05be0a26e3c2da/byte-buddy-agent-1.17.7.jar)
WARNING: If a serviceability tool is in use, please run with -XX:+EnableDynamicAgentLoading to hide this warning
WARNING: If a serviceability tool is not in use, please run with -Djdk.instrument.traceUsage for more information
WARNING: Dynamic loading of agents will be disallowed by default in a future release
]]></system-err>
</testsuite>
